<?xml version="1.0" encoding="UTF-8"?>
<testsuite name="com.acme.AppTest" tests="1" skipped="0" failures="0" errors="0" timestamp="2020-05-21T14:05:29" hostname="ip-172-31-34-166.eu-west-2.compute.internal" time="0.002">
  <properties/>
  <testcase name="testAppHasAGreeting" classname="com.acme.AppTest" time="0.002"/>
  <system-out><![CDATA[]]></system-out>
  <system-err><![CDATA[]]></system-err>
</testsuite>
